<?xml version="1.0" encoding="UTF-8"?>
<testsuite name="com.lelen.ExampleUnitTest" tests="1" skipped="0" failures="0" errors="0" timestamp="2024-01-21T11:39:25" hostname="o2.box" time="0.003">
  <properties/>
  <testcase name="addition_isCorrect" classname="com.lelen.ExampleUnitTest" time="0.003"/>
  <system-out><![CDATA[]]></system-out>
  <system-err><![CDATA[]]></system-err>
</testsuite>
